This file contains any messages produced by compilers while
running configure, to aid debugging if configure makes a mistake.

It was created by wfdb-java configure 10.5, which was
generated by GNU Autoconf 2.69.  Invocation command line was

  $ ./configure JAVAC=javac CFLAGS=-O1 -I/usr/include  --build= --prefix=/usr --libdir=/usr/lib64

## --------- ##
## Platform. ##
## --------- ##

hostname = maksud-HP-ProBook-4540s
uname -m = i686
uname -r = 3.8.0-35-generic
uname -s = Linux
uname -v = #50-Ubuntu SMP Tue Dec 3 01:25:33 UTC 2013

/usr/bin/uname -p = unknown
/bin/uname -X     = unknown

/bin/arch              = unknown
/usr/bin/arch -k       = unknown
/usr/convex/getsysinfo = unknown
/usr/bin/hostinfo      = unknown
/bin/machine           = unknown
/usr/bin/oslevel       = unknown
/bin/universe          = unknown

PATH: /usr/local/sbin
PATH: /usr/local/bin
PATH: /usr/sbin
PATH: /usr/bin
PATH: /sbin
PATH: /bin


## ----------- ##
## Core tests. ##
## ----------- ##

configure:2148: checking build system type
configure:2162: result: i686-pc-linux-gnu
configure:2182: checking host system type
configure:2195: result: i686-pc-linux-gnu
configure:2215: checking target system type
configure:2228: result: i686-pc-linux-gnu
configure:2271: checking for a BSD-compatible install
configure:2339: result: /usr/bin/install -c
configure:2350: checking whether build environment is sane
configure:2400: result: yes
configure:2541: checking for a thread-safe mkdir -p
configure:2580: result: /bin/mkdir -p
configure:2593: checking for gawk
configure:2609: found /usr/bin/gawk
configure:2620: result: gawk
configure:2631: checking whether make sets $(MAKE)
configure:2653: result: yes
configure:2783: checking for gcc
configure:2799: found /usr/bin/gcc
configure:2810: result: gcc
configure:3039: checking for C compiler version
configure:3048: gcc --version >&5
gcc (Ubuntu/Linaro 4.7.3-1ubuntu1) 4.7.3
Copyright (C) 2012 Free Software Foundation, Inc.
This is free software; see the source for copying conditions.  There is NO
warranty; not even for MERCHANTABILITY or FITNESS FOR A PARTICULAR PURPOSE.

configure:3059: $? = 0
configure:3048: gcc -v >&5
Using built-in specs.
COLLECT_GCC=gcc
COLLECT_LTO_WRAPPER=/usr/lib/gcc/i686-linux-gnu/4.7/lto-wrapper
Target: i686-linux-gnu
Configured with: ../src/configure -v --with-pkgversion='Ubuntu/Linaro 4.7.3-1ubuntu1' --with-bugurl=file:///usr/share/doc/gcc-4.7/README.Bugs --enable-languages=c,c++,go,fortran,objc,obj-c++ --prefix=/usr --program-suffix=-4.7 --enable-shared --enable-linker-build-id --libexecdir=/usr/lib --without-included-gettext --enable-threads=posix --with-gxx-include-dir=/usr/include/c++/4.7 --libdir=/usr/lib --enable-nls --with-sysroot=/ --enable-clocale=gnu --enable-libstdcxx-debug --enable-libstdcxx-time=yes --enable-gnu-unique-object --enable-plugin --with-system-zlib --enable-objc-gc --enable-targets=all --with-cloog --enable-cloog-backend=ppl --disable-cloog-version-check --disable-ppl-version-check --enable-multiarch --disable-werror --with-arch-32=i686 --with-multilib-list=m32,m64,mx32 --with-tune=generic --enable-checking=release --build=i686-linux-gnu --host=i686-linux-gnu --target=i686-linux-gnu
Thread model: posix
gcc version 4.7.3 (Ubuntu/Linaro 4.7.3-1ubuntu1) 
configure:3059: $? = 0
configure:3048: gcc -V >&5
gcc: error: unrecognized command line option '-V'
gcc: fatal error: no input files
compilation terminated.
configure:3059: $? = 4
configure:3048: gcc -qversion >&5
gcc: error: unrecognized command line option '-qversion'
gcc: fatal error: no input files
compilation terminated.
configure:3059: $? = 4
configure:3079: checking whether the C compiler works
configure:3101: gcc -O1 -I/usr/include    conftest.c  >&5
configure:3105: $? = 0
configure:3153: result: yes
configure:3156: checking for C compiler default output file name
configure:3158: result: a.out
configure:3164: checking for suffix of executables
configure:3171: gcc -o conftest -O1 -I/usr/include    conftest.c  >&5
configure:3175: $? = 0
configure:3197: result: 
configure:3219: checking whether we are cross compiling
configure:3227: gcc -o conftest -O1 -I/usr/include    conftest.c  >&5
configure:3231: $? = 0
configure:3238: ./conftest
configure:3242: $? = 0
configure:3257: result: no
configure:3262: checking for suffix of object files
configure:3284: gcc -c -O1 -I/usr/include   conftest.c >&5
configure:3288: $? = 0
configure:3309: result: o
configure:3313: checking whether we are using the GNU C compiler
configure:3332: gcc -c -O1 -I/usr/include   conftest.c >&5
configure:3332: $? = 0
configure:3341: result: yes
configure:3350: checking whether gcc accepts -g
configure:3370: gcc -c -g  conftest.c >&5
configure:3370: $? = 0
configure:3411: result: yes
configure:3428: checking for gcc option to accept ISO C89
configure:3491: gcc  -c -O1 -I/usr/include   conftest.c >&5
configure:3491: $? = 0
configure:3504: result: none needed
configure:3535: checking for style of include used by make
configure:3563: result: GNU
configure:3589: checking dependency style of gcc
configure:3700: result: gcc3
configure:3761: checking how to print strings
configure:3788: result: printf
configure:3809: checking for a sed that does not truncate output
configure:3873: result: /bin/sed
configure:3891: checking for grep that handles long lines and -e
configure:3949: result: /bin/grep
configure:3954: checking for egrep
configure:4016: result: /bin/grep -E
configure:4021: checking for fgrep
configure:4083: result: /bin/grep -F
configure:4118: checking for ld used by gcc
configure:4185: result: /usr/bin/ld
configure:4192: checking if the linker (/usr/bin/ld) is GNU ld
configure:4207: result: yes
configure:4219: checking for BSD- or MS-compatible name lister (nm)
configure:4268: result: /usr/bin/nm -B
configure:4398: checking the name lister (/usr/bin/nm -B) interface
configure:4405: gcc -c -O1 -I/usr/include   conftest.c >&5
configure:4408: /usr/bin/nm -B "conftest.o"
configure:4411: output
00000000 B some_variable
configure:4418: result: BSD nm
configure:4421: checking whether ln -s works
configure:4425: result: yes
configure:4433: checking the maximum length of command line arguments
configure:4564: result: 805306365
configure:4581: checking whether the shell understands some XSI constructs
configure:4591: result: yes
configure:4595: checking whether the shell understands "+="
configure:4601: result: yes
configure:4636: checking how to convert i686-pc-linux-gnu file names to i686-pc-linux-gnu format
configure:4676: result: func_convert_file_noop
configure:4683: checking how to convert i686-pc-linux-gnu file names to toolchain format
configure:4703: result: func_convert_file_noop
configure:4710: checking for /usr/bin/ld option to reload object files
configure:4717: result: -r
configure:4791: checking for objdump
configure:4807: found /usr/bin/objdump
configure:4818: result: objdump
configure:4850: checking how to recognize dependent libraries
configure:5048: result: pass_all
configure:5133: checking for dlltool
configure:5163: result: no
configure:5193: checking how to associate runtime and link libraries
configure:5220: result: printf %s\n
configure:5281: checking for ar
configure:5297: found /usr/bin/ar
configure:5308: result: ar
configure:5345: checking for archiver @FILE support
configure:5362: gcc -c -O1 -I/usr/include   conftest.c >&5
configure:5362: $? = 0
configure:5365: ar cru libconftest.a @conftest.lst >&5
configure:5368: $? = 0
configure:5373: ar cru libconftest.a @conftest.lst >&5
ar: conftest.o: No such file or directory
configure:5376: $? = 1
configure:5388: result: @
configure:5446: checking for strip
configure:5462: found /usr/bin/strip
configure:5473: result: strip
configure:5545: checking for ranlib
configure:5561: found /usr/bin/ranlib
configure:5572: result: ranlib
configure:5674: checking command to parse /usr/bin/nm -B output from gcc object
configure:5794: gcc -c -O1 -I/usr/include   conftest.c >&5
configure:5797: $? = 0
configure:5801: /usr/bin/nm -B conftest.o \| sed -n -e 's/^.*[ ]\([ABCDGIRSTW][ABCDGIRSTW]*\)[ ][ ]*\([_A-Za-z][_A-Za-z0-9]*\)$/\1 \2 \2/p' | sed '/ __gnu_lto/d' \> conftest.nm
configure:5804: $? = 0
configure:5870: gcc -o conftest -O1 -I/usr/include    conftest.c conftstm.o >&5
configure:5873: $? = 0
configure:5911: result: ok
configure:5948: checking for sysroot
configure:5978: result: no
configure:6241: checking for mt
configure:6257: found /bin/mt
configure:6268: result: mt
configure:6291: checking if mt is a manifest tool
configure:6297: mt '-?'
configure:6305: result: no
configure:6947: checking how to run the C preprocessor
configure:6978: gcc -E  conftest.c
configure:6978: $? = 0
configure:6992: gcc -E  conftest.c
conftest.c:11:28: fatal error: ac_nonexistent.h: No such file or directory
compilation terminated.
configure:6992: $? = 1
configure: failed program was:
| /* confdefs.h */
| #define PACKAGE_NAME "wfdb-java"
| #define PACKAGE_TARNAME "wfdb-java"
| #define PACKAGE_VERSION "10.5"
| #define PACKAGE_STRING "wfdb-java 10.5"
| #define PACKAGE_BUGREPORT ""
| #define PACKAGE_URL ""
| #define PACKAGE "wfdb-java"
| #define VERSION "10.5"
| /* end confdefs.h.  */
| #include <ac_nonexistent.h>
configure:7017: result: gcc -E
configure:7037: gcc -E  conftest.c
configure:7037: $? = 0
configure:7051: gcc -E  conftest.c
conftest.c:11:28: fatal error: ac_nonexistent.h: No such file or directory
compilation terminated.
configure:7051: $? = 1
configure: failed program was:
| /* confdefs.h */
| #define PACKAGE_NAME "wfdb-java"
| #define PACKAGE_TARNAME "wfdb-java"
| #define PACKAGE_VERSION "10.5"
| #define PACKAGE_STRING "wfdb-java 10.5"
| #define PACKAGE_BUGREPORT ""
| #define PACKAGE_URL ""
| #define PACKAGE "wfdb-java"
| #define VERSION "10.5"
| /* end confdefs.h.  */
| #include <ac_nonexistent.h>
configure:7080: checking for ANSI C header files
configure:7100: gcc -c -O1 -I/usr/include   conftest.c >&5
configure:7100: $? = 0
configure:7173: gcc -o conftest -O1 -I/usr/include    conftest.c  >&5
configure:7173: $? = 0
configure:7173: ./conftest
configure:7173: $? = 0
configure:7184: result: yes
configure:7197: checking for sys/types.h
configure:7197: gcc -c -O1 -I/usr/include   conftest.c >&5
configure:7197: $? = 0
configure:7197: result: yes
configure:7197: checking for sys/stat.h
configure:7197: gcc -c -O1 -I/usr/include   conftest.c >&5
configure:7197: $? = 0
configure:7197: result: yes
configure:7197: checking for stdlib.h
configure:7197: gcc -c -O1 -I/usr/include   conftest.c >&5
configure:7197: $? = 0
configure:7197: result: yes
configure:7197: checking for string.h
configure:7197: gcc -c -O1 -I/usr/include   conftest.c >&5
configure:7197: $? = 0
configure:7197: result: yes
configure:7197: checking for memory.h
configure:7197: gcc -c -O1 -I/usr/include   conftest.c >&5
configure:7197: $? = 0
configure:7197: result: yes
configure:7197: checking for strings.h
configure:7197: gcc -c -O1 -I/usr/include   conftest.c >&5
configure:7197: $? = 0
configure:7197: result: yes
configure:7197: checking for inttypes.h
configure:7197: gcc -c -O1 -I/usr/include   conftest.c >&5
configure:7197: $? = 0
configure:7197: result: yes
configure:7197: checking for stdint.h
configure:7197: gcc -c -O1 -I/usr/include   conftest.c >&5
configure:7197: $? = 0
configure:7197: result: yes
configure:7197: checking for unistd.h
configure:7197: gcc -c -O1 -I/usr/include   conftest.c >&5
configure:7197: $? = 0
configure:7197: result: yes
configure:7211: checking for dlfcn.h
configure:7211: gcc -c -O1 -I/usr/include   conftest.c >&5
configure:7211: $? = 0
configure:7211: result: yes
configure:7417: checking for objdir
configure:7432: result: .libs
configure:7703: checking if gcc supports -fno-rtti -fno-exceptions
configure:7721: gcc -c -O1 -I/usr/include   -fno-rtti -fno-exceptions conftest.c >&5
cc1: warning: command line option '-fno-rtti' is valid for C++/ObjC++ but not for C [enabled by default]
configure:7725: $? = 0
configure:7738: result: no
configure:8065: checking for gcc option to produce PIC
configure:8072: result: -fPIC -DPIC
configure:8080: checking if gcc PIC flag -fPIC -DPIC works
configure:8098: gcc -c -O1 -I/usr/include   -fPIC -DPIC -DPIC conftest.c >&5
configure:8102: $? = 0
configure:8115: result: yes
configure:8144: checking if gcc static flag -static works
configure:8172: result: yes
configure:8187: checking if gcc supports -c -o file.o
configure:8208: gcc -c -O1 -I/usr/include   -o out/conftest2.o conftest.c >&5
configure:8212: $? = 0
configure:8234: result: yes
configure:8242: checking if gcc supports -c -o file.o
configure:8289: result: yes
configure:8322: checking whether the gcc linker (/usr/bin/ld) supports shared libraries
configure:9479: result: yes
configure:9516: checking whether -lc should be explicitly linked in
configure:9524: gcc -c -O1 -I/usr/include   conftest.c >&5
configure:9527: $? = 0
configure:9542: gcc -shared  -fPIC -DPIC conftest.o  -v -Wl,-soname -Wl,conftest -o conftest 2\>\&1 \| /bin/grep  -lc  \>/dev/null 2\>\&1
configure:9545: $? = 0
configure:9559: result: no
configure:9719: checking dynamic linker characteristics
configure:10219: gcc -o conftest -O1 -I/usr/include    -Wl,-rpath -Wl,/foo conftest.c  >&5
configure:10219: $? = 0
configure:10453: result: GNU/Linux ld.so
configure:10560: checking how to hardcode library paths into programs
configure:10585: result: immediate
configure:11125: checking whether stripping libraries is possible
configure:11130: result: yes
configure:11165: checking if libtool supports shared libraries
configure:11167: result: yes
configure:11170: checking whether to build shared libraries
configure:11191: result: yes
configure:11194: checking whether to build static libraries
configure:11198: result: yes
configure:11242: checking for javac
configure:11260: found /usr/bin/javac
configure:11273: result: /usr/bin/javac
configure:11287: checking symlink for /usr/bin/javac
configure:11295: result: /etc/alternatives/javac
configure:11287: checking symlink for /etc/alternatives/javac
configure:11295: result: /usr/lib/jvm/java-7-openjdk-i386/bin/javac
configure:11306: _JTOPDIR=/usr/lib/jvm/java-7-openjdk-i386/bin
configure:11307: _JINC=/usr/lib/jvm/java-7-openjdk-i386/bin/include
configure:11445: checking if javac works
configure:11459: javac  Test.java
configure:11462: $? = 0
configure:11473: result: yes
configure:11484: checking for jar
configure:11500: found /usr/bin/jar
configure:11511: result: jar
configure:11762: creating ./config.status

## ---------------------- ##
## Running config.status. ##
## ---------------------- ##

This file was extended by wfdb-java config.status 10.5, which was
generated by GNU Autoconf 2.69.  Invocation command line was

  CONFIG_FILES    = 
  CONFIG_HEADERS  = 
  CONFIG_LINKS    = 
  CONFIG_COMMANDS = 
  $ ./config.status 

on maksud-HP-ProBook-4540s

config.status:1009: creating Makefile
config.status:1009: creating wfdb-java.spec
config.status:1181: executing depfiles commands
config.status:1181: executing libtool commands

## ---------------- ##
## Cache variables. ##
## ---------------- ##

ac_cv_build=i686-pc-linux-gnu
ac_cv_c_compiler_gnu=yes
ac_cv_env_CC_set=
ac_cv_env_CC_value=
ac_cv_env_CFLAGS_set=set
ac_cv_env_CFLAGS_value='-O1 -I/usr/include '
ac_cv_env_CPPFLAGS_set=
ac_cv_env_CPPFLAGS_value=
ac_cv_env_CPP_set=
ac_cv_env_CPP_value=
ac_cv_env_LDFLAGS_set=
ac_cv_env_LDFLAGS_value=
ac_cv_env_LIBS_set=
ac_cv_env_LIBS_value=
ac_cv_env_build_alias_set=set
ac_cv_env_build_alias_value=
ac_cv_env_host_alias_set=
ac_cv_env_host_alias_value=
ac_cv_env_target_alias_set=
ac_cv_env_target_alias_value=
ac_cv_header_dlfcn_h=yes
ac_cv_header_inttypes_h=yes
ac_cv_header_memory_h=yes
ac_cv_header_stdc=yes
ac_cv_header_stdint_h=yes
ac_cv_header_stdlib_h=yes
ac_cv_header_string_h=yes
ac_cv_header_strings_h=yes
ac_cv_header_sys_stat_h=yes
ac_cv_header_sys_types_h=yes
ac_cv_header_unistd_h=yes
ac_cv_host=i686-pc-linux-gnu
ac_cv_objext=o
ac_cv_path_EGREP='/bin/grep -E'
ac_cv_path_FGREP='/bin/grep -F'
ac_cv_path_GREP=/bin/grep
ac_cv_path_SED=/bin/sed
ac_cv_path__ACJNI_JAVAC=/usr/bin/javac
ac_cv_path_install='/usr/bin/install -c'
ac_cv_path_mkdir=/bin/mkdir
ac_cv_prog_AWK=gawk
ac_cv_prog_CPP='gcc -E'
ac_cv_prog_JAR=jar
ac_cv_prog_ac_ct_AR=ar
ac_cv_prog_ac_ct_CC=gcc
ac_cv_prog_ac_ct_MANIFEST_TOOL=mt
ac_cv_prog_ac_ct_OBJDUMP=objdump
ac_cv_prog_ac_ct_RANLIB=ranlib
ac_cv_prog_ac_ct_STRIP=strip
ac_cv_prog_cc_c89=
ac_cv_prog_cc_g=yes
ac_cv_prog_javac_works=yes
ac_cv_prog_make_make_set=yes
ac_cv_target=i686-pc-linux-gnu
am_cv_CC_dependencies_compiler_type=gcc3
lt_cv_ar_at_file=@
lt_cv_archive_cmds_need_lc=no
lt_cv_deplibs_check_method=pass_all
lt_cv_file_magic_cmd='$MAGIC_CMD'
lt_cv_file_magic_test_file=
lt_cv_ld_reload_flag=-r
lt_cv_nm_interface='BSD nm'
lt_cv_objdir=.libs
lt_cv_path_LD=/usr/bin/ld
lt_cv_path_NM='/usr/bin/nm -B'
lt_cv_path_mainfest_tool=no
lt_cv_prog_compiler_c_o=yes
lt_cv_prog_compiler_pic='-fPIC -DPIC'
lt_cv_prog_compiler_pic_works=yes
lt_cv_prog_compiler_rtti_exceptions=no
lt_cv_prog_compiler_static_works=yes
lt_cv_prog_gnu_ld=yes
lt_cv_sharedlib_from_linklib_cmd='printf %s\n'
lt_cv_shlibpath_overrides_runpath=no
lt_cv_sys_global_symbol_pipe='sed -n -e '\''s/^.*[	 ]\([ABCDGIRSTW][ABCDGIRSTW]*\)[	 ][	 ]*\([_A-Za-z][_A-Za-z0-9]*\)$/\1 \2 \2/p'\'' | sed '\''/ __gnu_lto/d'\'''
lt_cv_sys_global_symbol_to_c_name_address='sed -n -e '\''s/^: \([^ ]*\)[ ]*$/  {\"\1\", (void *) 0},/p'\'' -e '\''s/^[ABCDGIRSTW]* \([^ ]*\) \([^ ]*\)$/  {"\2", (void *) \&\2},/p'\'''
lt_cv_sys_global_symbol_to_c_name_address_lib_prefix='sed -n -e '\''s/^: \([^ ]*\)[ ]*$/  {\"\1\", (void *) 0},/p'\'' -e '\''s/^[ABCDGIRSTW]* \([^ ]*\) \(lib[^ ]*\)$/  {"\2", (void *) \&\2},/p'\'' -e '\''s/^[ABCDGIRSTW]* \([^ ]*\) \([^ ]*\)$/  {"lib\2", (void *) \&\2},/p'\'''
lt_cv_sys_global_symbol_to_cdecl='sed -n -e '\''s/^T .* \(.*\)$/extern int \1();/p'\'' -e '\''s/^[ABCDGIRSTW]* .* \(.*\)$/extern char \1;/p'\'''
lt_cv_sys_max_cmd_len=805306365
lt_cv_to_host_file_cmd=func_convert_file_noop
lt_cv_to_tool_file_cmd=func_convert_file_noop

## ----------------- ##
## Output variables. ##
## ----------------- ##

ACLOCAL='${SHELL} /home/maksud/Public/Thesis/wfdb-swig-10.5.4/wfdb-java/build/missing --run aclocal-1.11'
AMDEPBACKSLASH='\'
AMDEP_FALSE='#'
AMDEP_TRUE=''
AMTAR='$${TAR-tar}'
AR='ar'
AUTOCONF='${SHELL} /home/maksud/Public/Thesis/wfdb-swig-10.5.4/wfdb-java/build/missing --run autoconf'
AUTOHEADER='${SHELL} /home/maksud/Public/Thesis/wfdb-swig-10.5.4/wfdb-java/build/missing --run autoheader'
AUTOMAKE='${SHELL} /home/maksud/Public/Thesis/wfdb-swig-10.5.4/wfdb-java/build/missing --run automake-1.11'
AWK='gawk'
BUILD_JAVA_FALSE=''
BUILD_JAVA_TRUE='#'
CC='gcc'
CCDEPMODE='depmode=gcc3'
CFLAGS='-O1 -I/usr/include '
CPP='gcc -E'
CPPFLAGS=' -I/usr/lib/jvm/java-7-openjdk-i386/include -I/usr/lib/jvm/java-7-openjdk-i386/include/linux'
CYGPATH_W='echo'
DEFS='-DPACKAGE_NAME=\"wfdb-java\" -DPACKAGE_TARNAME=\"wfdb-java\" -DPACKAGE_VERSION=\"10.5\" -DPACKAGE_STRING=\"wfdb-java\ 10.5\" -DPACKAGE_BUGREPORT=\"\" -DPACKAGE_URL=\"\" -DPACKAGE=\"wfdb-java\" -DVERSION=\"10.5\" -DSTDC_HEADERS=1 -DHAVE_SYS_TYPES_H=1 -DHAVE_SYS_STAT_H=1 -DHAVE_STDLIB_H=1 -DHAVE_STRING_H=1 -DHAVE_MEMORY_H=1 -DHAVE_STRINGS_H=1 -DHAVE_INTTYPES_H=1 -DHAVE_STDINT_H=1 -DHAVE_UNISTD_H=1 -DHAVE_DLFCN_H=1 -DLT_OBJDIR=\".libs/\"'
DEPDIR='.deps'
DLLTOOL='false'
DSYMUTIL=''
DUMPBIN=''
ECHO_C=''
ECHO_N='-n'
ECHO_T=''
EGREP='/bin/grep -E'
EXEEXT=''
FGREP='/bin/grep -F'
GREP='/bin/grep'
INSTALL_DATA='${INSTALL} -m 644'
INSTALL_PROGRAM='${INSTALL}'
INSTALL_SCRIPT='${INSTALL}'
INSTALL_STRIP_PROGRAM='$(install_sh) -c -s'
JAR='jar'
JAVAC='javac'
LD='/usr/bin/ld'
LDFLAGS=''
LIBOBJS=''
LIBS=''
LIBTOOL='$(SHELL) $(top_builddir)/libtool'
LIPO=''
LN_S='ln -s'
LTLIBOBJS=''
MAKEINFO='${SHELL} /home/maksud/Public/Thesis/wfdb-swig-10.5.4/wfdb-java/build/missing --run makeinfo'
MANIFEST_TOOL=':'
MKDIR_P='/bin/mkdir -p'
NM='/usr/bin/nm -B'
NMEDIT=''
OBJDUMP='objdump'
OBJEXT='o'
OTOOL64=''
OTOOL=''
PACKAGE='wfdb-java'
PACKAGE_BUGREPORT=''
PACKAGE_NAME='wfdb-java'
PACKAGE_STRING='wfdb-java 10.5'
PACKAGE_TARNAME='wfdb-java'
PACKAGE_URL=''
PACKAGE_VERSION='10.5'
PATH_SEPARATOR=':'
RANLIB='ranlib'
SED='/bin/sed'
SET_MAKE=''
SHELL='/bin/bash'
STRIP='strip'
VERSION='10.5'
_ACJNI_JAVAC='/usr/bin/javac'
ac_ct_AR='ar'
ac_ct_CC='gcc'
ac_ct_DUMPBIN=''
am__EXEEXT_FALSE=''
am__EXEEXT_TRUE='#'
am__fastdepCC_FALSE='#'
am__fastdepCC_TRUE=''
am__include='include'
am__isrc=''
am__leading_dot='.'
am__nodep='_no'
am__quote=''
am__tar='$${TAR-tar} chof - "$$tardir"'
am__untar='$${TAR-tar} xf -'
bindir='${exec_prefix}/bin'
build='i686-pc-linux-gnu'
build_alias=''
build_cpu='i686'
build_os='linux-gnu'
build_vendor='pc'
datadir='${datarootdir}'
datarootdir='${prefix}/share'
docdir='${datarootdir}/doc/${PACKAGE_TARNAME}'
dvidir='${docdir}'
exec_prefix='${prefix}'
host='i686-pc-linux-gnu'
host_alias=''
host_cpu='i686'
host_os='linux-gnu'
host_vendor='pc'
htmldir='${docdir}'
includedir='${prefix}/include'
infodir='${datarootdir}/info'
install_sh='${SHELL} /home/maksud/Public/Thesis/wfdb-swig-10.5.4/wfdb-java/build/install-sh'
jardir='${datarootdir}/java'
libdir='/usr/lib64'
libexecdir='${exec_prefix}/libexec'
localedir='${datarootdir}/locale'
localstatedir='${prefix}/var'
mandir='${datarootdir}/man'
mkdir_p='/bin/mkdir -p'
oldincludedir='/usr/include'
pdfdir='${docdir}'
prefix='/usr'
program_transform_name='s,x,x,'
psdir='${docdir}'
sbindir='${exec_prefix}/sbin'
sharedstatedir='${prefix}/com'
sysconfdir='${prefix}/etc'
target='i686-pc-linux-gnu'
target_alias=''
target_cpu='i686'
target_os='linux-gnu'
target_vendor='pc'

## ----------- ##
## confdefs.h. ##
## ----------- ##

/* confdefs.h */
#define PACKAGE_NAME "wfdb-java"
#define PACKAGE_TARNAME "wfdb-java"
#define PACKAGE_VERSION "10.5"
#define PACKAGE_STRING "wfdb-java 10.5"
#define PACKAGE_BUGREPORT ""
#define PACKAGE_URL ""
#define PACKAGE "wfdb-java"
#define VERSION "10.5"
#define STDC_HEADERS 1
#define HAVE_SYS_TYPES_H 1
#define HAVE_SYS_STAT_H 1
#define HAVE_STDLIB_H 1
#define HAVE_STRING_H 1
#define HAVE_MEMORY_H 1
#define HAVE_STRINGS_H 1
#define HAVE_INTTYPES_H 1
#define HAVE_STDINT_H 1
#define HAVE_UNISTD_H 1
#define HAVE_DLFCN_H 1
#define LT_OBJDIR ".libs/"

configure: exit 0
